#
# A fatal error has been detected by the Java Runtime Environment:
#
#  EXCEPTION_ACCESS_VIOLATION (0xc0000005) at pc=0x00000001800120b2, pid=5776, tid=3376
#
# JRE version: Java(TM) SE Runtime Environment (7.0_45-b18) (build 1.7.0_45-b18)
# Java VM: Java HotSpot(TM) 64-Bit Server VM (24.45-b08 mixed mode windows-amd64 compressed oops)
# Problematic frame:
# C  [ig4icd64.dll+0x120b2]
#
# Failed to write core dump. Minidumps are not enabled by default on client versions of Windows
#
# If you would like to submit a bug report, please visit:
#   http://bugreport.sun.com/bugreport/crash.jsp
# The crash happened outside the Java Virtual Machine in native code.
# See problematic frame for where to report the bug.
#

---------------  T H R E A D  ---------------

Current thread (0x00000000099a1000):  JavaThread "AWT-EventQueue-0" [_thread_in_native, id=3376, stack(0x000000000a7f0000,0x000000000a8f0000)]

siginfo: ExceptionCode=0xc0000005, reading address 0x000000010aed6a30

Registers:
RAX=0x00000000fffffff0, RBX=0x000000000c2ffb10, RCX=0x000000000aed6a50, RDX=0x000000010aed6a30
RSP=0x000000000a8ecf80, RBP=0x000000010aed6a30, RSI=0x000000000c2fe8a0, RDI=0x0000000000000000
R8 =0x0000000000000010, R9 =0x0000000000000000, R10=0x0000000000000000, R11=0x0000000000000001
R12=0x000000000c2f2f00, R13=0x000000000c300bd0, R14=0x0000000000000001, R15=0x00000000ffffffff
RIP=0x00000001800120b2, EFLAGS=0x0000000000010202

Top of Stack: (sp=0x000000000a8ecf80)
0x000000000a8ecf80:   0000000000000057 000000018083aab5
0x000000000a8ecf90:   000000000c387000 000000000c301610
0x000000000a8ecfa0:   0000000000000005 0000000000000000
0x000000000a8ecfb0:   0000000000000010 000000100000006a
0x000000000a8ecfc0:   0000000100000000 000000018081a37d
0x000000000a8ecfd0:   0000000000000000 0000000000000000
0x000000000a8ecfe0:   0000000000000010 000000100000006a
0x000000000a8ecff0:   0000000100000000 000000000a8ed2f0
0x000000000a8ed000:   00000000cc9c8078 0000000000499100
0x000000000a8ed010:   000000006b0111bb 000000000c2f2f00
0x000000000a8ed020:   00000000099a1000 0000000000000000
0x000000000a8ed030:   000000000c367ea0 000000018083c950
0x000000000a8ed040:   000000000c2f2f00 0000000000000002
0x000000000a8ed050:   ffffffff00000000 000000000a8ed054
0x000000000a8ed060:   000000000c2f2f00 000000018003bec8
0x000000000a8ed070:   000000000c2f2f00 0000000000000000 

Instructions: (pc=0x00000001800120b2)
0x0000000180012092:   00 49 81 f8 80 00 00 00 73 37 45 33 c9 4d 8b d8
0x00000001800120a2:   49 c1 eb 04 45 8b d1 4d 85 db 0f 84 24 02 00 00
0x00000001800120b2:   f3 0f 6f 02 41 ff c2 48 83 c1 10 41 8b c2 48 83
0x00000001800120c2:   c2 10 f3 0f 7f 41 f0 49 3b c3 72 e4 e9 03 02 00 


Register to memory mapping:

RAX=0x00000000fffffff0 is an unallocated location in the heap
RBX=0x000000000c2ffb10 is an unknown value
RCX=0x000000000aed6a50 is an unknown value
RDX=0x000000010aed6a30 is an unknown value
RSP=0x000000000a8ecf80 is pointing into the stack for thread: 0x00000000099a1000
RBP=0x000000010aed6a30 is an unknown value
RSI=0x000000000c2fe8a0 is an unknown value
RDI=0x0000000000000000 is an unknown value
R8 =0x0000000000000010 is an unknown value
R9 =0x0000000000000000 is an unknown value
R10=0x0000000000000000 is an unknown value
R11=0x0000000000000001 is an unknown value
R12=0x000000000c2f2f00 is an unknown value
R13=0x000000000c300bd0 is an unknown value
R14=0x0000000000000001 is an unknown value
R15=0x00000000ffffffff is an unallocated location in the heap


Stack: [0x000000000a7f0000,0x000000000a8f0000],  sp=0x000000000a8ecf80,  free space=1011k
Native frames: (J=compiled Java code, j=interpreted, Vv=VM code, C=native code)
C  [ig4icd64.dll+0x120b2]

[error occurred during error reporting (printing native stack), id 0xc0000005]

Java frames: (J=compiled Java code, j=interpreted, Vv=VM code)
j  com.sun.opengl.impl.windows.WGL.SwapBuffers(J)Z+0
j  com.sun.opengl.impl.windows.WindowsOnscreenGLDrawable.swapBuffers()V+38
j  com.sun.opengl.impl.GLDrawableHelper.invokeGL(Ljavax/media/opengl/GLDrawable;Ljavax/media/opengl/GLContext;Ljava/lang/Runnable;Ljava/lang/Runnable;)V+435
j  javax.media.opengl.GLCanvas.maybeDoSingleThreadedWorkaround(Ljava/lang/Runnable;Ljava/lang/Runnable;)V+36
j  javax.media.opengl.GLCanvas.display()V+9
j  javax.media.opengl.GLCanvas.paint(Ljava/awt/Graphics;)V+125
j  sun.awt.RepaintArea.paintComponent(Ljava/awt/Component;Ljava/awt/Graphics;)V+6
j  sun.awt.RepaintArea.paint(Ljava/lang/Object;Z)V+326
j  sun.awt.windows.WComponentPeer.handleEvent(Ljava/awt/AWTEvent;)V+155
j  java.awt.Component.dispatchEventImpl(Ljava/awt/AWTEvent;)V+869
j  java.awt.Component.dispatchEvent(Ljava/awt/AWTEvent;)V+2
j  java.awt.EventQueue.dispatchEventImpl(Ljava/awt/AWTEvent;Ljava/lang/Object;)V+41
j  java.awt.EventQueue.access$200(Ljava/awt/EventQueue;Ljava/awt/AWTEvent;Ljava/lang/Object;)V+3
j  java.awt.EventQueue$3.run()Ljava/lang/Void;+12
j  java.awt.EventQueue$3.run()Ljava/lang/Object;+1
v  ~StubRoutines::call_stub
j  java.security.AccessController.doPrivileged(Ljava/security/PrivilegedAction;Ljava/security/AccessControlContext;)Ljava/lang/Object;+0
j  java.security.ProtectionDomain$1.doIntersectionPrivilege(Ljava/security/PrivilegedAction;Ljava/security/AccessControlContext;Ljava/security/AccessControlContext;)Ljava/lang/Object;+28
j  java.security.ProtectionDomain$1.doIntersectionPrivilege(Ljava/security/PrivilegedAction;Ljava/security/AccessControlContext;)Ljava/lang/Object;+6
j  java.awt.EventQueue$4.run()Ljava/lang/Void;+11
j  java.awt.EventQueue$4.run()Ljava/lang/Object;+1
v  ~StubRoutines::call_stub
j  java.security.AccessController.doPrivileged(Ljava/security/PrivilegedAction;Ljava/security/AccessControlContext;)Ljava/lang/Object;+0
j  java.security.ProtectionDomain$1.doIntersectionPrivilege(Ljava/security/PrivilegedAction;Ljava/security/AccessControlContext;Ljava/security/AccessControlContext;)Ljava/lang/Object;+28
j  java.awt.EventQueue.dispatchEvent(Ljava/awt/AWTEvent;)V+73
j  java.awt.EventDispatchThread.pumpOneEventForFilters(I)V+245
j  java.awt.EventDispatchThread.pumpEventsForFilter(ILjava/awt/Conditional;Ljava/awt/EventFilter;)V+35
j  java.awt.EventDispatchThread.pumpEventsForHierarchy(ILjava/awt/Conditional;Ljava/awt/Component;)V+11
j  java.awt.EventDispatchThread.pumpEvents(ILjava/awt/Conditional;)V+4
j  java.awt.EventDispatchThread.pumpEvents(Ljava/awt/Conditional;)V+3
j  java.awt.EventDispatchThread.run()V+9
v  ~StubRoutines::call_stub

---------------  P R O C E S S  ---------------

Java Threads: ( => current thread )
  0x00000000003ae000 JavaThread "DestroyJavaVM" [_thread_blocked, id=2972, stack(0x0000000002620000,0x0000000002720000)]
=>0x00000000099a1000 JavaThread "AWT-EventQueue-0" [_thread_in_native, id=3376, stack(0x000000000a7f0000,0x000000000a8f0000)]
  0x0000000009d7d800 JavaThread "AWT-Windows" daemon [_thread_in_native, id=2852, stack(0x000000000aae0000,0x000000000abe0000)]
  0x0000000009ed1800 JavaThread "AWT-Shutdown" [_thread_blocked, id=5288, stack(0x000000000a8f0000,0x000000000a9f0000)]
  0x0000000009ed0800 JavaThread "Java2D Disposer" daemon [_thread_blocked, id=5724, stack(0x000000000a6b0000,0x000000000a7b0000)]
  0x0000000007c8b000 JavaThread "Service Thread" daemon [_thread_blocked, id=3112, stack(0x0000000009640000,0x0000000009740000)]
  0x0000000007c89800 JavaThread "C2 CompilerThread1" daemon [_thread_blocked, id=5988, stack(0x0000000009740000,0x0000000009840000)]
  0x0000000007c87000 JavaThread "C2 CompilerThread0" daemon [_thread_blocked, id=3516, stack(0x0000000008f50000,0x0000000009050000)]
  0x0000000007c86000 JavaThread "Attach Listener" daemon [_thread_blocked, id=6308, stack(0x0000000009480000,0x0000000009580000)]
  0x0000000007c7f000 JavaThread "Signal Dispatcher" daemon [_thread_blocked, id=2860, stack(0x0000000009300000,0x0000000009400000)]
  0x0000000007c37000 JavaThread "Finalizer" daemon [_thread_blocked, id=3540, stack(0x0000000009140000,0x0000000009240000)]
  0x0000000007c2e000 JavaThread "Reference Handler" daemon [_thread_blocked, id=3644, stack(0x0000000008d10000,0x0000000008e10000)]

Other Threads:
  0x0000000007c28800 VMThread [stack: 0x0000000008e50000,0x0000000008f50000] [id=3412]
  0x0000000007c8c800 WatcherThread [stack: 0x0000000009880000,0x0000000009980000] [id=4740]

VM state:not at safepoint (normal execution)

VM Mutex/Monitor currently owned by a thread: None

Heap
 PSYoungGen      total 14336K, used 10466K [0x00000000f0500000, 0x00000000f1500000, 0x0000000100000000)
  eden space 12288K, 85% used [0x00000000f0500000,0x00000000f0f38b80,0x00000000f1100000)
  from space 2048K, 0% used [0x00000000f1300000,0x00000000f1300000,0x00000000f1500000)
  to   space 2048K, 0% used [0x00000000f1100000,0x00000000f1100000,0x00000000f1300000)
 ParOldGen       total 31744K, used 0K [0x00000000d1000000, 0x00000000d2f00000, 0x00000000f0500000)
  object space 31744K, 0% used [0x00000000d1000000,0x00000000d1000000,0x00000000d2f00000)
 PSPermGen       total 21504K, used 12660K [0x00000000cbe00000, 0x00000000cd300000, 0x00000000d1000000)
  object space 21504K, 58% used [0x00000000cbe00000,0x00000000cca5d320,0x00000000cd300000)

Card table byte_map: [0x0000000005720000,0x00000000058d0000] byte_map_base: 0x00000000050c1000

Polling page: 0x0000000000340000

Code Cache  [0x0000000002720000, 0x0000000002990000, 0x0000000005720000)
 total_blobs=643 nmethods=42 adapters=553 free_code_cache=48468Kb largest_free_block=49628416

Compilation events (10 events):
Event: 0.698 Thread 0x0000000007c89800   38             sun.java2d.loops.GraphicsPrimitive::getUniqueID (5 bytes)
Event: 0.699 Thread 0x0000000007c89800 nmethod 38 0x00000000027c3a90 code [0x00000000027c3bc0, 0x00000000027c3c18]
Event: 0.722 Thread 0x0000000007c87000   39             java.lang.String::length (6 bytes)
Event: 0.722 Thread 0x0000000007c87000 nmethod 39 0x00000000027c2390 code [0x00000000027c24c0, 0x00000000027c2518]
Event: 0.752 Thread 0x0000000007c89800   40             java.util.Arrays::binarySearch0 (95 bytes)
Event: 0.755 Thread 0x0000000007c89800 nmethod 40 0x00000000027c6cd0 code [0x00000000027c6e20, 0x00000000027c6fd8]
Event: 0.768 Thread 0x0000000007c87000   41             sun.nio.cs.UTF_8$Encoder::encode (361 bytes)
Event: 0.775 Thread 0x0000000007c87000 nmethod 41 0x00000000027c4810 code [0x00000000027c4960, 0x00000000027c4e48]
Event: 0.892 Thread 0x0000000007c89800   42             java.util.HashMap::hash (55 bytes)
Event: 0.893 Thread 0x0000000007c89800 nmethod 42 0x00000000027c7fd0 code [0x00000000027c8120, 0x00000000027c8248]

GC Heap History (0 events):
No events

Deoptimization events (4 events):
Event: 0.272 Thread 0x00000000003ae000 Uncommon trap: reason=class_check action=maybe_recompile pc=0x0000000002786a38 method=java.util.Properties$LineReader.readLine()I @ 62
Event: 0.334 Thread 0x00000000099a1000 Uncommon trap: reason=null_check action=make_not_entrant pc=0x0000000002793e0c method=java.lang.String.equals(Ljava/lang/Object;)Z @ 8
Event: 0.467 Thread 0x00000000099a1000 Uncommon trap: reason=null_check action=make_not_entrant pc=0x0000000002790e68 method=java.util.jar.Attributes.putValue(Ljava/lang/String;Ljava/lang/String;)Ljava/lang/String; @ 13
Event: 0.678 Thread 0x0000000009d7d800 Uncommon trap: reason=unloaded action=reinterpret pc=0x000000000278b530 method=java.lang.CharacterData.of(I)Ljava/lang/CharacterData; @ 96

Internal exceptions (10 events):
Event: 0.869 Thread 0x00000000099a1000 Threw 0x00000000f0dcfb60 at C:\re\jdk7u45\229\hotspot\src\share\vm\prims\jvm.cpp:1244
Event: 0.886 Thread 0x00000000099a1000 Threw 0x00000000f0e36590 at C:\re\jdk7u45\229\hotspot\src\share\vm\prims\jvm.cpp:1244
Event: 0.887 Thread 0x00000000099a1000 Threw 0x00000000f0e40a90 at C:\re\jdk7u45\229\hotspot\src\share\vm\prims\jvm.cpp:1244
Event: 0.895 Thread 0x00000000099a1000 Threw 0x00000000f0e61180 at C:\re\jdk7u45\229\hotspot\src\share\vm\prims\jvm.cpp:1244
Event: 0.921 Thread 0x00000000099a1000 Threw 0x00000000f0e977f8 at C:\re\jdk7u45\229\hotspot\src\share\vm\prims\jvm.cpp:1244
Event: 0.923 Thread 0x00000000099a1000 Threw 0x00000000f0ea9578 at C:\re\jdk7u45\229\hotspot\src\share\vm\prims\jvm.cpp:1244
Event: 0.925 Thread 0x00000000099a1000 Threw 0x00000000f0eabe30 at C:\re\jdk7u45\229\hotspot\src\share\vm\prims\jvm.cpp:1244
Event: 0.926 Thread 0x00000000099a1000 Threw 0x00000000f0eae4e0 at C:\re\jdk7u45\229\hotspot\src\share\vm\prims\jvm.cpp:1244
Event: 0.927 Thread 0x00000000099a1000 Threw 0x00000000f0eb0fa8 at C:\re\jdk7u45\229\hotspot\src\share\vm\prims\jvm.cpp:1244
Event: 0.929 Thread 0x00000000099a1000 Threw 0x00000000f0ebaa88 at C:\re\jdk7u45\229\hotspot\src\share\vm\prims\jvm.cpp:1244

Events (10 events):
Event: 0.946 loading class 0x0000000009c0d0c0
Event: 0.947 loading class 0x0000000009c0d0c0 done
Event: 0.947 loading class 0x0000000009c0d3a0
Event: 0.947 loading class 0x0000000009c0d3a0 done
Event: 0.947 loading class 0x0000000009c0d370
Event: 0.947 loading class 0x0000000009c0d370 done
Event: 0.947 loading class 0x0000000009c0d560
Event: 0.947 loading class 0x0000000009c0d560 done
Event: 0.947 loading class 0x0000000009c0daa0
Event: 0.947 loading class 0x0000000009c0daa0 done


Dynamic libraries:
0x000000013f950000 - 0x000000013f983000 	C:\Program Files\Java\jdk1.7.0_45\jre\bin\java.exe
0x0000000077a40000 - 0x0000000077bdf000 	C:\Windows\SYSTEM32\ntdll.dll
0x000007feedea0000 - 0x000007feedeb4000 	C:\Program Files\AVAST Software\Avast\x64\aswhooka.dll
0x0000000077820000 - 0x000000007793f000 	C:\Windows\system32\kernel32.dll
0x000007fefd880000 - 0x000007fefd8ea000 	C:\Windows\system32\KERNELBASE.dll
0x000007fefde90000 - 0x000007fefdf6b000 	C:\Windows\system32\ADVAPI32.dll
0x000007fefd9a0000 - 0x000007fefda3f000 	C:\Windows\system32\msvcrt.dll
0x000007fefdf70000 - 0x000007fefdf8f000 	C:\Windows\SYSTEM32\sechost.dll
0x000007feff590000 - 0x000007feff6bd000 	C:\Windows\system32\RPCRT4.dll
0x0000000077940000 - 0x0000000077a3a000 	C:\Windows\system32\USER32.dll
0x000007feff520000 - 0x000007feff587000 	C:\Windows\system32\GDI32.dll
0x000007feffa10000 - 0x000007feffa1e000 	C:\Windows\system32\LPK.dll
0x000007feffb40000 - 0x000007feffc0b000 	C:\Windows\system32\USP10.dll
0x000007fefbfe0000 - 0x000007fefc1d4000 	C:\Windows\WinSxS\amd64_microsoft.windows.common-controls_6595b64144ccf1df_6.0.7601.23403_none_e36ad4593102f066\COMCTL32.dll
0x000007feffac0000 - 0x000007feffb31000 	C:\Windows\system32\SHLWAPI.dll
0x000007feff310000 - 0x000007feff33e000 	C:\Windows\system32\IMM32.DLL
0x000007feffc10000 - 0x000007feffd19000 	C:\Windows\system32\MSCTF.dll
0x000000006e2b0000 - 0x000000006e382000 	C:\Program Files\Java\jdk1.7.0_45\jre\bin\msvcr100.dll
0x0000000064bd0000 - 0x0000000065399000 	C:\Program Files\Java\jdk1.7.0_45\jre\bin\server\jvm.dll
0x000007fefaa50000 - 0x000007fefaa59000 	C:\Windows\system32\WSOCK32.dll
0x000007fefda60000 - 0x000007fefdaad000 	C:\Windows\system32\WS2_32.dll
0x000007feffd20000 - 0x000007feffd28000 	C:\Windows\system32\NSI.dll
0x000007fef8bb0000 - 0x000007fef8beb000 	C:\Windows\system32\WINMM.dll
0x0000000077be0000 - 0x0000000077be7000 	C:\Windows\system32\PSAPI.DLL
0x00000000738c0000 - 0x00000000738cf000 	C:\Program Files\Java\jdk1.7.0_45\jre\bin\verify.dll
0x0000000073890000 - 0x00000000738b8000 	C:\Program Files\Java\jdk1.7.0_45\jre\bin\java.dll
0x0000000073870000 - 0x0000000073885000 	C:\Program Files\Java\jdk1.7.0_45\jre\bin\zip.dll
0x000000006e0a0000 - 0x000000006e235000 	C:\Program Files\Java\jdk1.7.0_45\jre\bin\awt.dll
0x000007fefdb50000 - 0x000007fefdc2a000 	C:\Windows\system32\OLEAUT32.dll
0x000007fefdc90000 - 0x000007fefde8d000 	C:\Windows\system32\ole32.dll
0x000007fefbc20000 - 0x000007fefbc76000 	C:\Windows\system32\uxtheme.dll
0x000007fefb7b0000 - 0x000007fefb7c8000 	C:\Windows\system32\dwmapi.dll
0x000007fefd480000 - 0x000007fefd48f000 	C:\Windows\system32\CRYPTBASE.dll
0x000007fefdf90000 - 0x000007fefed1a000 	C:\Windows\system32\SHELL32.dll
0x000000006e050000 - 0x000000006e096000 	C:\Program Files\Java\jdk1.7.0_45\jre\bin\fontmanager.dll
0x000000006e260000 - 0x000000006e279000 	C:\Program Files\Java\jdk1.7.0_45\jre\bin\net.dll
0x000007fefcd70000 - 0x000007fefcdc5000 	C:\Windows\system32\mswsock.dll
0x000007fefcd60000 - 0x000007fefcd67000 	C:\Windows\System32\wship6.dll
0x000000006e240000 - 0x000000006e251000 	C:\Program Files\Java\jdk1.7.0_45\jre\bin\nio.dll
0x0000000010000000 - 0x000000001005a000 	C:\Users\Ivan\AppData\Roaming\NetBeans\7.4\jogl-runtime\jogl.jar-natives-windows-amd64\jogl.dll
0x000007fee84c0000 - 0x000007fee85dd000 	C:\Windows\system32\OPENGL32.dll
0x000007feee4a0000 - 0x000007feee4cd000 	C:\Windows\system32\GLU32.dll
0x000007fee83c0000 - 0x000007fee84b1000 	C:\Windows\system32\DDRAW.dll
0x000007feedd50000 - 0x000007feedd58000 	C:\Windows\system32\DCIMAN32.dll
0x000007feff340000 - 0x000007feff517000 	C:\Windows\system32\SETUPAPI.dll
0x000007fefd7d0000 - 0x000007fefd806000 	C:\Windows\system32\CFGMGR32.dll
0x000007fefd600000 - 0x000007fefd61a000 	C:\Windows\system32\DEVOBJ.dll
0x0000000075150000 - 0x0000000075219000 	C:\Windows\WinSxS\amd64_microsoft.vc80.crt_1fc8b3b9a1e18e3b_8.0.50727.6229_none_88dcc0bf2fb1b808\MSVCR80.dll
0x0000000070710000 - 0x0000000070717000 	C:\Program Files\Java\jdk1.7.0_45\jre\bin\jawt.dll
0x00000000005d0000 - 0x00000000005d7000 	C:\Users\Ivan\AppData\Roaming\NetBeans\7.4\jogl-runtime\jogl.jar-natives-windows-amd64\jogl_awt.dll
0x000007feedd40000 - 0x000007feedd49000 	C:\Windows\system32\atig6pxx.dll
0x000007fefa900000 - 0x000007fefa984000 	C:\Windows\system32\atiadlxx.dll
0x000007fefd860000 - 0x000007fefd87f000 	C:\Windows\system32\USERENV.dll
0x000007fefd5e0000 - 0x000007fefd5ef000 	C:\Windows\system32\profapi.dll
0x000007fefc770000 - 0x000007fefc781000 	C:\Windows\system32\WTSAPI32.dll
0x000007fefd820000 - 0x000007fefd85b000 	C:\Windows\system32\WINTRUST.dll
0x000007fefd650000 - 0x000007fefd7bd000 	C:\Windows\system32\CRYPT32.dll
0x000007fefd5f0000 - 0x000007fefd5ff000 	C:\Windows\system32\MSASN1.dll
0x0000000180000000 - 0x00000001811eb000 	C:\Windows\system32\ig4icd64.dll
0x000007fefb010000 - 0x000007fefb01e000 	C:\Windows\system32\atig6txx.dll
0x000007fefc670000 - 0x000007fefc67c000 	C:\Windows\system32\VERSION.dll
0x0000000072fc0000 - 0x000000007309f000 	C:\Windows\system32\aticfx64.dll
0x000007fef6da0000 - 0x000007fef6ec5000 	C:\Windows\system32\dbghelp.dll

VM Arguments:
jvm_args: -Dfile.encoding=Cp1251 -Djava.library.path=C:\Users\Ivan\AppData\Roaming\NetBeans\7.4\jogl-runtime\jogl.jar-natives-windows-amd64;C:\Users\Ivan\AppData\Roaming\NetBeans\7.4\gluegen-runtime\gluegen-rt.jar-natives-windows-amd64 
java_command: org.yourorghere.ISDConfigurator
Launcher Type: SUN_STANDARD

Environment Variables:
PATH=C:\Program Files (x86)\Common Files\Oracle\Java\javapath;c:\Program Files (x86)\AMD APP\bin\x86_64;c:\Program Files (x86)\AMD APP\bin\x86;C:\ProgramData\Oracle\Java\javapath;C:\Windows\system32;C:\Windows;C:\Windows\System32\Wbem;C:\Windows\System32\WindowsPowerShell\v1.0\;C:\Program Files (x86)\Common Files\Acronis\SnapAPI\;c:\Program Files (x86)\ATI Technologies\ATI.ACE\Core-Static;C:\Users\Ivan\.dnx\bin;C:\Program Files\Microsoft DNX\Dnvm\;C:\Program Files\Common Files\Autodesk Shared\;C:\Program Files (x86)\Autodesk\Backburner\;C:\Program Files\Git\cmd;C:\Program Files\Microsoft SQL Server\Client SDK\ODBC\110\Tools\Binn\;C:\Program Files (x86)\Microsoft SQL Server\120\Tools\Binn\;C:\Program Files\Microsoft SQL Server\120\Tools\Binn\;C:\Program Files\Microsoft SQL Server\120\DTS\Binn\;C:\Program Files (x86)\Microsoft SQL Server\Client SDK\ODBC\130\Tools\Binn\;C:\Program Files (x86)\Microsoft SQL Server\130\Tools\Binn\;C:\Program Files (x86)\Microsoft SQL Server\130\DTS\Binn\;C:\Program Files (x86)\Microsoft SQL Server\130\Tools\Binn\ManagementStudio\;C:\Program Files (x86)\NVIDIA Corporation\PhysX\Common;C:\Program Files (x86)\AMD\ATI.ACE\Core-Static
USERNAME=Ivan
OS=Windows_NT
PROCESSOR_IDENTIFIER=Intel64 Family 6 Model 42 Stepping 7, GenuineIntel



---------------  S Y S T E M  ---------------

OS: Windows 7 , 64 bit Build 7601 Service Pack 1

CPU:total 4 (2 cores per cpu, 2 threads per core) family 6 model 42 stepping 7, cmov, cx8, fxsr, mmx, sse, sse2, sse3, ssse3, sse4.1, sse4.2, popcnt, avx, ht, tsc, tscinvbit

Memory: 4k page, physical 3078512k(402900k free), swap 9368068k(6072124k free)

vm_info: Java HotSpot(TM) 64-Bit Server VM (24.45-b08) for windows-amd64 JRE (1.7.0_45-b18), built on Oct  8 2013 05:47:22 by "java_re" with unknown MS VC++:1600

time: Sat Nov 10 19:16:18 2018
elapsed time: 1 seconds

